versions pytest-5.4.3, py-1.10.0, python-3.6.9.final.0
cwd=/home/mspahn/phd/research/code/fabrics/tests/unittests/diffGeometry
args=('test_nonholonomic.py', '--debug')

  pytest_cmdline_main [hook]
      config: <_pytest.config.Config object at 0x7f3e48837240>
    pytest_plugin_registered [hook]
        plugin: <Session diffGeometry exitstatus=None testsfailed=0 testscollected=0>
        manager: <_pytest.config.PytestPluginManager object at 0x7f3e4aa42240>
    finish pytest_plugin_registered --> [] [hook]
    pytest_configure [hook]
        config: <_pytest.config.Config object at 0x7f3e48837240>
      pytest_plugin_registered [hook]
          plugin: <_pytest.cacheprovider.LFPlugin object at 0x7f3e4822d0b8>
          manager: <_pytest.config.PytestPluginManager object at 0x7f3e4aa42240>
      finish pytest_plugin_registered --> [] [hook]
      pytest_plugin_registered [hook]
          plugin: <_pytest.cacheprovider.NFPlugin object at 0x7f3e4822d710>
          manager: <_pytest.config.PytestPluginManager object at 0x7f3e4aa42240>
      finish pytest_plugin_registered --> [] [hook]
    early skip of rewriting module: unittest.mock [assertion]
    early skip of rewriting module: faulthandler [assertion]
      pytest_configure [hook]
          config: <_pytest.config.Config object at 0x7f3e48837240>
      finish pytest_configure --> [] [hook]
      pytest_plugin_registered [hook]
          plugin: <_pytest.faulthandler.FaultHandlerHooks object at 0x7f3e476721d0>
          manager: <_pytest.config.PytestPluginManager object at 0x7f3e4aa42240>
      finish pytest_plugin_registered --> [] [hook]
      pytest_plugin_registered [hook]
          plugin: <_pytest.stepwise.StepwisePlugin object at 0x7f3e47672160>
          manager: <_pytest.config.PytestPluginManager object at 0x7f3e4aa42240>
      finish pytest_plugin_registered --> [] [hook]
    early skip of rewriting module: pdb [assertion]
    early skip of rewriting module: cmd [assertion]
    early skip of rewriting module: code [assertion]
    early skip of rewriting module: codeop [assertion]
      pytest_plugin_registered [hook]
          plugin: <_pytest.config.PytestPluginManager object at 0x7f3e4aa42240>
          manager: <_pytest.config.PytestPluginManager object at 0x7f3e4aa42240>
      finish pytest_plugin_registered --> [] [hook]
      pytest_plugin_registered [hook]
          plugin: <_pytest.config.Config object at 0x7f3e48837240>
          manager: <_pytest.config.PytestPluginManager object at 0x7f3e4aa42240>
      finish pytest_plugin_registered --> [] [hook]
      pytest_plugin_registered [hook]
          plugin: <module '_pytest.mark' from '/home/mspahn/.local/lib/python3.6/site-packages/_pytest/mark/__init__.py'>
          manager: <_pytest.config.PytestPluginManager object at 0x7f3e4aa42240>
      finish pytest_plugin_registered --> [] [hook]
      pytest_plugin_registered [hook]
          plugin: <module '_pytest.main' from '/home/mspahn/.local/lib/python3.6/site-packages/_pytest/main.py'>
          manager: <_pytest.config.PytestPluginManager object at 0x7f3e4aa42240>
      finish pytest_plugin_registered --> [] [hook]
      pytest_plugin_registered [hook]
          plugin: <module '_pytest.runner' from '/home/mspahn/.local/lib/python3.6/site-packages/_pytest/runner.py'>
          manager: <_pytest.config.PytestPluginManager object at 0x7f3e4aa42240>
      finish pytest_plugin_registered --> [] [hook]
      pytest_plugin_registered [hook]
          plugin: <module '_pytest.fixtures' from '/home/mspahn/.local/lib/python3.6/site-packages/_pytest/fixtures.py'>
          manager: <_pytest.config.PytestPluginManager object at 0x7f3e4aa42240>
      finish pytest_plugin_registered --> [] [hook]
      pytest_plugin_registered [hook]
          plugin: <module '_pytest.helpconfig' from '/home/mspahn/.local/lib/python3.6/site-packages/_pytest/helpconfig.py'>
          manager: <_pytest.config.PytestPluginManager object at 0x7f3e4aa42240>
      finish pytest_plugin_registered --> [] [hook]
      pytest_plugin_registered [hook]
          plugin: <module '_pytest.python' from '/home/mspahn/.local/lib/python3.6/site-packages/_pytest/python.py'>
          manager: <_pytest.config.PytestPluginManager object at 0x7f3e4aa42240>
      finish pytest_plugin_registered --> [] [hook]
      pytest_plugin_registered [hook]
          plugin: <module '_pytest.terminal' from '/home/mspahn/.local/lib/python3.6/site-packages/_pytest/terminal.py'>
          manager: <_pytest.config.PytestPluginManager object at 0x7f3e4aa42240>
      finish pytest_plugin_registered --> [] [hook]
      pytest_plugin_registered [hook]
          plugin: <module '_pytest.debugging' from '/home/mspahn/.local/lib/python3.6/site-packages/_pytest/debugging.py'>
          manager: <_pytest.config.PytestPluginManager object at 0x7f3e4aa42240>
      finish pytest_plugin_registered --> [] [hook]
      pytest_plugin_registered [hook]
          plugin: <module '_pytest.unittest' from '/home/mspahn/.local/lib/python3.6/site-packages/_pytest/unittest.py'>
          manager: <_pytest.config.PytestPluginManager object at 0x7f3e4aa42240>
      finish pytest_plugin_registered --> [] [hook]
      pytest_plugin_registered [hook]
          plugin: <module '_pytest.capture' from '/home/mspahn/.local/lib/python3.6/site-packages/_pytest/capture.py'>
          manager: <_pytest.config.PytestPluginManager object at 0x7f3e4aa42240>
      finish pytest_plugin_registered --> [] [hook]
      pytest_plugin_registered [hook]
          plugin: <module '_pytest.skipping' from '/home/mspahn/.local/lib/python3.6/site-packages/_pytest/skipping.py'>
          manager: <_pytest.config.PytestPluginManager object at 0x7f3e4aa42240>
      finish pytest_plugin_registered --> [] [hook]
      pytest_plugin_registered [hook]
          plugin: <module '_pytest.tmpdir' from '/home/mspahn/.local/lib/python3.6/site-packages/_pytest/tmpdir.py'>
          manager: <_pytest.config.PytestPluginManager object at 0x7f3e4aa42240>
      finish pytest_plugin_registered --> [] [hook]
      pytest_plugin_registered [hook]
          plugin: <module '_pytest.monkeypatch' from '/home/mspahn/.local/lib/python3.6/site-packages/_pytest/monkeypatch.py'>
          manager: <_pytest.config.PytestPluginManager object at 0x7f3e4aa42240>
      finish pytest_plugin_registered --> [] [hook]
      pytest_plugin_registered [hook]
          plugin: <module '_pytest.recwarn' from '/home/mspahn/.local/lib/python3.6/site-packages/_pytest/recwarn.py'>
          manager: <_pytest.config.PytestPluginManager object at 0x7f3e4aa42240>
      finish pytest_plugin_registered --> [] [hook]
      pytest_plugin_registered [hook]
          plugin: <module '_pytest.pastebin' from '/home/mspahn/.local/lib/python3.6/site-packages/_pytest/pastebin.py'>
          manager: <_pytest.config.PytestPluginManager object at 0x7f3e4aa42240>
      finish pytest_plugin_registered --> [] [hook]
      pytest_plugin_registered [hook]
          plugin: <module '_pytest.nose' from '/home/mspahn/.local/lib/python3.6/site-packages/_pytest/nose.py'>
          manager: <_pytest.config.PytestPluginManager object at 0x7f3e4aa42240>
      finish pytest_plugin_registered --> [] [hook]
      pytest_plugin_registered [hook]
          plugin: <module '_pytest.assertion' from '/home/mspahn/.local/lib/python3.6/site-packages/_pytest/assertion/__init__.py'>
          manager: <_pytest.config.PytestPluginManager object at 0x7f3e4aa42240>
      finish pytest_plugin_registered --> [] [hook]
      pytest_plugin_registered [hook]
          plugin: <module '_pytest.junitxml' from '/home/mspahn/.local/lib/python3.6/site-packages/_pytest/junitxml.py'>
          manager: <_pytest.config.PytestPluginManager object at 0x7f3e4aa42240>
      finish pytest_plugin_registered --> [] [hook]
      pytest_plugin_registered [hook]
          plugin: <module '_pytest.resultlog' from '/home/mspahn/.local/lib/python3.6/site-packages/_pytest/resultlog.py'>
          manager: <_pytest.config.PytestPluginManager object at 0x7f3e4aa42240>
      finish pytest_plugin_registered --> [] [hook]
      pytest_plugin_registered [hook]
          plugin: <module '_pytest.doctest' from '/home/mspahn/.local/lib/python3.6/site-packages/_pytest/doctest.py'>
          manager: <_pytest.config.PytestPluginManager object at 0x7f3e4aa42240>
      finish pytest_plugin_registered --> [] [hook]
      pytest_plugin_registered [hook]
          plugin: <module '_pytest.cacheprovider' from '/home/mspahn/.local/lib/python3.6/site-packages/_pytest/cacheprovider.py'>
          manager: <_pytest.config.PytestPluginManager object at 0x7f3e4aa42240>
      finish pytest_plugin_registered --> [] [hook]
      pytest_plugin_registered [hook]
          plugin: <module '_pytest.freeze_support' from '/home/mspahn/.local/lib/python3.6/site-packages/_pytest/freeze_support.py'>
          manager: <_pytest.config.PytestPluginManager object at 0x7f3e4aa42240>
      finish pytest_plugin_registered --> [] [hook]
      pytest_plugin_registered [hook]
          plugin: <module '_pytest.setuponly' from '/home/mspahn/.local/lib/python3.6/site-packages/_pytest/setuponly.py'>
          manager: <_pytest.config.PytestPluginManager object at 0x7f3e4aa42240>
      finish pytest_plugin_registered --> [] [hook]
      pytest_plugin_registered [hook]
          plugin: <module '_pytest.setupplan' from '/home/mspahn/.local/lib/python3.6/site-packages/_pytest/setupplan.py'>
          manager: <_pytest.config.PytestPluginManager object at 0x7f3e4aa42240>
      finish pytest_plugin_registered --> [] [hook]
      pytest_plugin_registered [hook]
          plugin: <module '_pytest.stepwise' from '/home/mspahn/.local/lib/python3.6/site-packages/_pytest/stepwise.py'>
          manager: <_pytest.config.PytestPluginManager object at 0x7f3e4aa42240>
      finish pytest_plugin_registered --> [] [hook]
      pytest_plugin_registered [hook]
          plugin: <module '_pytest.warnings' from '/home/mspahn/.local/lib/python3.6/site-packages/_pytest/warnings.py'>
          manager: <_pytest.config.PytestPluginManager object at 0x7f3e4aa42240>
      finish pytest_plugin_registered --> [] [hook]
      pytest_plugin_registered [hook]
          plugin: <module '_pytest.logging' from '/home/mspahn/.local/lib/python3.6/site-packages/_pytest/logging.py'>
          manager: <_pytest.config.PytestPluginManager object at 0x7f3e4aa42240>
      finish pytest_plugin_registered --> [] [hook]
      pytest_plugin_registered [hook]
          plugin: <module '_pytest.reports' from '/home/mspahn/.local/lib/python3.6/site-packages/_pytest/reports.py'>
          manager: <_pytest.config.PytestPluginManager object at 0x7f3e4aa42240>
      finish pytest_plugin_registered --> [] [hook]
      pytest_plugin_registered [hook]
          plugin: <module '_pytest.faulthandler' from '/home/mspahn/.local/lib/python3.6/site-packages/_pytest/faulthandler.py'>
          manager: <_pytest.config.PytestPluginManager object at 0x7f3e4aa42240>
      finish pytest_plugin_registered --> [] [hook]
      pytest_plugin_registered [hook]
          plugin: <module 'pytest_mock' from '/home/mspahn/.local/lib/python3.6/site-packages/pytest_mock/__init__.py'>
          manager: <_pytest.config.PytestPluginManager object at 0x7f3e4aa42240>
      finish pytest_plugin_registered --> [] [hook]
      pytest_plugin_registered [hook]
          plugin: <module 'hypothesis.extra.pytestplugin' from '/home/mspahn/.local/lib/python3.6/site-packages/hypothesis/extra/pytestplugin.py'>
          manager: <_pytest.config.PytestPluginManager object at 0x7f3e4aa42240>
      finish pytest_plugin_registered --> [] [hook]
      pytest_plugin_registered [hook]
          plugin: <module 'pytest_cov.plugin' from '/home/mspahn/.local/lib/python3.6/site-packages/pytest_cov/plugin.py'>
          manager: <_pytest.config.PytestPluginManager object at 0x7f3e4aa42240>
      finish pytest_plugin_registered --> [] [hook]
      pytest_plugin_registered [hook]
          plugin: <CaptureManager _method='fd' _global_capturing=<MultiCapture out=<FDCapture 1 oldfd=5 _state='suspended' tmpfile=<_pytest.capture.EncodedFile object at 0x7f3e4822dd68>> err=<FDCapture 2 oldfd=6 _state='suspended' tmpfile=<_pytest.capture.EncodedFile object at 0x7f3e476e1d30>> in_=<FDCapture 0 oldfd=3 _state='started' tmpfile=<_io.TextIOWrapper name='/dev/null' mode='r' encoding='UTF-8'>> _state='suspended' _in_suspended=False> _capture_fixture=None>
          manager: <_pytest.config.PytestPluginManager object at 0x7f3e4aa42240>
      finish pytest_plugin_registered --> [] [hook]
      pytest_plugin_registered [hook]
          plugin: <Session diffGeometry exitstatus=<ExitCode.OK: 0> testsfailed=0 testscollected=0>
          manager: <_pytest.config.PytestPluginManager object at 0x7f3e4aa42240>
      finish pytest_plugin_registered --> [] [hook]
      pytest_plugin_registered [hook]
          plugin: <_pytest.cacheprovider.LFPlugin object at 0x7f3e4822d0b8>
          manager: <_pytest.config.PytestPluginManager object at 0x7f3e4aa42240>
      finish pytest_plugin_registered --> [] [hook]
      pytest_plugin_registered [hook]
          plugin: <_pytest.cacheprovider.NFPlugin object at 0x7f3e4822d710>
          manager: <_pytest.config.PytestPluginManager object at 0x7f3e4aa42240>
      finish pytest_plugin_registered --> [] [hook]
      pytest_plugin_registered [hook]
          plugin: <_pytest.faulthandler.FaultHandlerHooks object at 0x7f3e476721d0>
          manager: <_pytest.config.PytestPluginManager object at 0x7f3e4aa42240>
      finish pytest_plugin_registered --> [] [hook]
      pytest_plugin_registered [hook]
          plugin: <_pytest.stepwise.StepwisePlugin object at 0x7f3e47672160>
          manager: <_pytest.config.PytestPluginManager object at 0x7f3e4aa42240>
      finish pytest_plugin_registered --> [] [hook]
      pytest_plugin_registered [hook]
          plugin: <_pytest.terminal.TerminalReporter object at 0x7f3e47692da0>
          manager: <_pytest.config.PytestPluginManager object at 0x7f3e4aa42240>
      finish pytest_plugin_registered --> [] [hook]
      pytest_plugin_registered [hook]
          plugin: <_pytest.logging.LoggingPlugin object at 0x7f3e4764a630>
          manager: <_pytest.config.PytestPluginManager object at 0x7f3e4aa42240>
      finish pytest_plugin_registered --> [] [hook]
    finish pytest_configure --> [] [hook]
    pytest_sessionstart [hook]
        session: <Session diffGeometry exitstatus=<ExitCode.OK: 0> testsfailed=0 testscollected=0>
      pytest_plugin_registered [hook]
          plugin: <_pytest.config.PytestPluginManager object at 0x7f3e4aa42240>
          manager: <_pytest.config.PytestPluginManager object at 0x7f3e4aa42240>
      finish pytest_plugin_registered --> [] [hook]
      pytest_plugin_registered [hook]
          plugin: <_pytest.config.Config object at 0x7f3e48837240>
          manager: <_pytest.config.PytestPluginManager object at 0x7f3e4aa42240>
      finish pytest_plugin_registered --> [] [hook]
      pytest_plugin_registered [hook]
          plugin: <module '_pytest.mark' from '/home/mspahn/.local/lib/python3.6/site-packages/_pytest/mark/__init__.py'>
          manager: <_pytest.config.PytestPluginManager object at 0x7f3e4aa42240>
      finish pytest_plugin_registered --> [] [hook]
      pytest_plugin_registered [hook]
          plugin: <module '_pytest.main' from '/home/mspahn/.local/lib/python3.6/site-packages/_pytest/main.py'>
          manager: <_pytest.config.PytestPluginManager object at 0x7f3e4aa42240>
      finish pytest_plugin_registered --> [] [hook]
      pytest_plugin_registered [hook]
          plugin: <module '_pytest.runner' from '/home/mspahn/.local/lib/python3.6/site-packages/_pytest/runner.py'>
          manager: <_pytest.config.PytestPluginManager object at 0x7f3e4aa42240>
      finish pytest_plugin_registered --> [] [hook]
      pytest_plugin_registered [hook]
          plugin: <module '_pytest.fixtures' from '/home/mspahn/.local/lib/python3.6/site-packages/_pytest/fixtures.py'>
          manager: <_pytest.config.PytestPluginManager object at 0x7f3e4aa42240>
      finish pytest_plugin_registered --> [] [hook]
      pytest_plugin_registered [hook]
          plugin: <module '_pytest.helpconfig' from '/home/mspahn/.local/lib/python3.6/site-packages/_pytest/helpconfig.py'>
          manager: <_pytest.config.PytestPluginManager object at 0x7f3e4aa42240>
      finish pytest_plugin_registered --> [] [hook]
      pytest_plugin_registered [hook]
          plugin: <module '_pytest.python' from '/home/mspahn/.local/lib/python3.6/site-packages/_pytest/python.py'>
          manager: <_pytest.config.PytestPluginManager object at 0x7f3e4aa42240>
      finish pytest_plugin_registered --> [] [hook]
      pytest_plugin_registered [hook]
          plugin: <module '_pytest.terminal' from '/home/mspahn/.local/lib/python3.6/site-packages/_pytest/terminal.py'>
          manager: <_pytest.config.PytestPluginManager object at 0x7f3e4aa42240>
      finish pytest_plugin_registered --> [] [hook]
      pytest_plugin_registered [hook]
          plugin: <module '_pytest.debugging' from '/home/mspahn/.local/lib/python3.6/site-packages/_pytest/debugging.py'>
          manager: <_pytest.config.PytestPluginManager object at 0x7f3e4aa42240>
      finish pytest_plugin_registered --> [] [hook]
      pytest_plugin_registered [hook]
          plugin: <module '_pytest.unittest' from '/home/mspahn/.local/lib/python3.6/site-packages/_pytest/unittest.py'>
          manager: <_pytest.config.PytestPluginManager object at 0x7f3e4aa42240>
      finish pytest_plugin_registered --> [] [hook]
      pytest_plugin_registered [hook]
          plugin: <module '_pytest.capture' from '/home/mspahn/.local/lib/python3.6/site-packages/_pytest/capture.py'>
          manager: <_pytest.config.PytestPluginManager object at 0x7f3e4aa42240>
      finish pytest_plugin_registered --> [] [hook]
      pytest_plugin_registered [hook]
          plugin: <module '_pytest.skipping' from '/home/mspahn/.local/lib/python3.6/site-packages/_pytest/skipping.py'>
          manager: <_pytest.config.PytestPluginManager object at 0x7f3e4aa42240>
      finish pytest_plugin_registered --> [] [hook]
      pytest_plugin_registered [hook]
          plugin: <module '_pytest.tmpdir' from '/home/mspahn/.local/lib/python3.6/site-packages/_pytest/tmpdir.py'>
          manager: <_pytest.config.PytestPluginManager object at 0x7f3e4aa42240>
      finish pytest_plugin_registered --> [] [hook]
      pytest_plugin_registered [hook]
          plugin: <module '_pytest.monkeypatch' from '/home/mspahn/.local/lib/python3.6/site-packages/_pytest/monkeypatch.py'>
          manager: <_pytest.config.PytestPluginManager object at 0x7f3e4aa42240>
      finish pytest_plugin_registered --> [] [hook]
      pytest_plugin_registered [hook]
          plugin: <module '_pytest.recwarn' from '/home/mspahn/.local/lib/python3.6/site-packages/_pytest/recwarn.py'>
          manager: <_pytest.config.PytestPluginManager object at 0x7f3e4aa42240>
      finish pytest_plugin_registered --> [] [hook]
      pytest_plugin_registered [hook]
          plugin: <module '_pytest.pastebin' from '/home/mspahn/.local/lib/python3.6/site-packages/_pytest/pastebin.py'>
          manager: <_pytest.config.PytestPluginManager object at 0x7f3e4aa42240>
      finish pytest_plugin_registered --> [] [hook]
      pytest_plugin_registered [hook]
          plugin: <module '_pytest.nose' from '/home/mspahn/.local/lib/python3.6/site-packages/_pytest/nose.py'>
          manager: <_pytest.config.PytestPluginManager object at 0x7f3e4aa42240>
      finish pytest_plugin_registered --> [] [hook]
      pytest_plugin_registered [hook]
          plugin: <module '_pytest.assertion' from '/home/mspahn/.local/lib/python3.6/site-packages/_pytest/assertion/__init__.py'>
          manager: <_pytest.config.PytestPluginManager object at 0x7f3e4aa42240>
      finish pytest_plugin_registered --> [] [hook]
      pytest_plugin_registered [hook]
          plugin: <module '_pytest.junitxml' from '/home/mspahn/.local/lib/python3.6/site-packages/_pytest/junitxml.py'>
          manager: <_pytest.config.PytestPluginManager object at 0x7f3e4aa42240>
      finish pytest_plugin_registered --> [] [hook]
      pytest_plugin_registered [hook]
          plugin: <module '_pytest.resultlog' from '/home/mspahn/.local/lib/python3.6/site-packages/_pytest/resultlog.py'>
          manager: <_pytest.config.PytestPluginManager object at 0x7f3e4aa42240>
      finish pytest_plugin_registered --> [] [hook]
      pytest_plugin_registered [hook]
          plugin: <module '_pytest.doctest' from '/home/mspahn/.local/lib/python3.6/site-packages/_pytest/doctest.py'>
          manager: <_pytest.config.PytestPluginManager object at 0x7f3e4aa42240>
      finish pytest_plugin_registered --> [] [hook]
      pytest_plugin_registered [hook]
          plugin: <module '_pytest.cacheprovider' from '/home/mspahn/.local/lib/python3.6/site-packages/_pytest/cacheprovider.py'>
          manager: <_pytest.config.PytestPluginManager object at 0x7f3e4aa42240>
      finish pytest_plugin_registered --> [] [hook]
      pytest_plugin_registered [hook]
          plugin: <module '_pytest.freeze_support' from '/home/mspahn/.local/lib/python3.6/site-packages/_pytest/freeze_support.py'>
          manager: <_pytest.config.PytestPluginManager object at 0x7f3e4aa42240>
      finish pytest_plugin_registered --> [] [hook]
      pytest_plugin_registered [hook]
          plugin: <module '_pytest.setuponly' from '/home/mspahn/.local/lib/python3.6/site-packages/_pytest/setuponly.py'>
          manager: <_pytest.config.PytestPluginManager object at 0x7f3e4aa42240>
      finish pytest_plugin_registered --> [] [hook]
      pytest_plugin_registered [hook]
          plugin: <module '_pytest.setupplan' from '/home/mspahn/.local/lib/python3.6/site-packages/_pytest/setupplan.py'>
          manager: <_pytest.config.PytestPluginManager object at 0x7f3e4aa42240>
      finish pytest_plugin_registered --> [] [hook]
      pytest_plugin_registered [hook]
          plugin: <module '_pytest.stepwise' from '/home/mspahn/.local/lib/python3.6/site-packages/_pytest/stepwise.py'>
          manager: <_pytest.config.PytestPluginManager object at 0x7f3e4aa42240>
      finish pytest_plugin_registered --> [] [hook]
      pytest_plugin_registered [hook]
          plugin: <module '_pytest.warnings' from '/home/mspahn/.local/lib/python3.6/site-packages/_pytest/warnings.py'>
          manager: <_pytest.config.PytestPluginManager object at 0x7f3e4aa42240>
      finish pytest_plugin_registered --> [] [hook]
      pytest_plugin_registered [hook]
          plugin: <module '_pytest.logging' from '/home/mspahn/.local/lib/python3.6/site-packages/_pytest/logging.py'>
          manager: <_pytest.config.PytestPluginManager object at 0x7f3e4aa42240>
      finish pytest_plugin_registered --> [] [hook]
      pytest_plugin_registered [hook]
          plugin: <module '_pytest.reports' from '/home/mspahn/.local/lib/python3.6/site-packages/_pytest/reports.py'>
          manager: <_pytest.config.PytestPluginManager object at 0x7f3e4aa42240>
      finish pytest_plugin_registered --> [] [hook]
      pytest_plugin_registered [hook]
          plugin: <module '_pytest.faulthandler' from '/home/mspahn/.local/lib/python3.6/site-packages/_pytest/faulthandler.py'>
          manager: <_pytest.config.PytestPluginManager object at 0x7f3e4aa42240>
      finish pytest_plugin_registered --> [] [hook]
      pytest_plugin_registered [hook]
          plugin: <module 'pytest_mock' from '/home/mspahn/.local/lib/python3.6/site-packages/pytest_mock/__init__.py'>
          manager: <_pytest.config.PytestPluginManager object at 0x7f3e4aa42240>
      finish pytest_plugin_registered --> [] [hook]
      pytest_plugin_registered [hook]
          plugin: <module 'hypothesis.extra.pytestplugin' from '/home/mspahn/.local/lib/python3.6/site-packages/hypothesis/extra/pytestplugin.py'>
          manager: <_pytest.config.PytestPluginManager object at 0x7f3e4aa42240>
      finish pytest_plugin_registered --> [] [hook]
      pytest_plugin_registered [hook]
          plugin: <module 'pytest_cov.plugin' from '/home/mspahn/.local/lib/python3.6/site-packages/pytest_cov/plugin.py'>
          manager: <_pytest.config.PytestPluginManager object at 0x7f3e4aa42240>
      finish pytest_plugin_registered --> [] [hook]
      pytest_plugin_registered [hook]
          plugin: <CaptureManager _method='fd' _global_capturing=<MultiCapture out=<FDCapture 1 oldfd=5 _state='suspended' tmpfile=<_pytest.capture.EncodedFile object at 0x7f3e4822dd68>> err=<FDCapture 2 oldfd=6 _state='suspended' tmpfile=<_pytest.capture.EncodedFile object at 0x7f3e476e1d30>> in_=<FDCapture 0 oldfd=3 _state='started' tmpfile=<_io.TextIOWrapper name='/dev/null' mode='r' encoding='UTF-8'>> _state='suspended' _in_suspended=False> _capture_fixture=None>
          manager: <_pytest.config.PytestPluginManager object at 0x7f3e4aa42240>
      finish pytest_plugin_registered --> [] [hook]
      pytest_plugin_registered [hook]
          plugin: <Session diffGeometry exitstatus=<ExitCode.OK: 0> testsfailed=0 testscollected=0>
          manager: <_pytest.config.PytestPluginManager object at 0x7f3e4aa42240>
      finish pytest_plugin_registered --> [] [hook]
      pytest_plugin_registered [hook]
          plugin: <_pytest.cacheprovider.LFPlugin object at 0x7f3e4822d0b8>
          manager: <_pytest.config.PytestPluginManager object at 0x7f3e4aa42240>
      finish pytest_plugin_registered --> [] [hook]
      pytest_plugin_registered [hook]
          plugin: <_pytest.cacheprovider.NFPlugin object at 0x7f3e4822d710>
          manager: <_pytest.config.PytestPluginManager object at 0x7f3e4aa42240>
      finish pytest_plugin_registered --> [] [hook]
      pytest_plugin_registered [hook]
          plugin: <_pytest.faulthandler.FaultHandlerHooks object at 0x7f3e476721d0>
          manager: <_pytest.config.PytestPluginManager object at 0x7f3e4aa42240>
      finish pytest_plugin_registered --> [] [hook]
      pytest_plugin_registered [hook]
          plugin: <_pytest.stepwise.StepwisePlugin object at 0x7f3e47672160>
          manager: <_pytest.config.PytestPluginManager object at 0x7f3e4aa42240>
      finish pytest_plugin_registered --> [] [hook]
      pytest_plugin_registered [hook]
          plugin: <_pytest.terminal.TerminalReporter object at 0x7f3e47692da0>
          manager: <_pytest.config.PytestPluginManager object at 0x7f3e4aa42240>
      finish pytest_plugin_registered --> [] [hook]
      pytest_plugin_registered [hook]
          plugin: <_pytest.logging.LoggingPlugin object at 0x7f3e4764a630>
          manager: <_pytest.config.PytestPluginManager object at 0x7f3e4aa42240>
      finish pytest_plugin_registered --> [] [hook]
      pytest_plugin_registered [hook]
          plugin: <_pytest.fixtures.FixtureManager object at 0x7f3e4764ab38>
          manager: <_pytest.config.PytestPluginManager object at 0x7f3e4aa42240>
      finish pytest_plugin_registered --> [] [hook]
      pytest_report_header [hook]
          config: <_pytest.config.Config object at 0x7f3e48837240>
          startdir: /home/mspahn/phd/research/code/fabrics/tests/unittests/diffGeometry
      early skip of rewriting module: email.parser [assertion]
      early skip of rewriting module: email.feedparser [assertion]
      early skip of rewriting module: email.errors [assertion]
      early skip of rewriting module: email._policybase [assertion]
      early skip of rewriting module: email.header [assertion]
      early skip of rewriting module: email.quoprimime [assertion]
      early skip of rewriting module: email.base64mime [assertion]
      early skip of rewriting module: email.charset [assertion]
      early skip of rewriting module: email.encoders [assertion]
      early skip of rewriting module: quopri [assertion]
      early skip of rewriting module: email.utils [assertion]
      early skip of rewriting module: email._parseaddr [assertion]
      early skip of rewriting module: email.message [assertion]
      early skip of rewriting module: uu [assertion]
      early skip of rewriting module: email._encoded_words [assertion]
      early skip of rewriting module: email.iterators [assertion]
      matched marked file 'hypothesis.database' (from 'hypothesis') [assertion]
      find_module called for: hypothesis.database [assertion]
      found cached rewritten pyc for /home/mspahn/.local/lib/python3.6/site-packages/hypothesis/database.py [assertion]
      finish pytest_report_header --> [['rootdir: /home/mspahn/phd/research/code/fabrics/tests/unittests/diffGeometry', 'plugins: mock-1.13.0, hypothesis-4.57.1, cov-2.12.1'], ['using: pytest-5.4.3 pylib-1.10.0', 'setuptools registered plugins:', '  pytest-mock-1.13.0 at /home/mspahn/.local/lib/python3.6/site-packages/pytest_mock/__init__.py', '  hypothesis-4.57.1 at /home/mspahn/.local/lib/python3.6/site-packages/hypothesis/extra/pytestplugin.py', '  pytest-cov-2.12.1 at /home/mspahn/.local/lib/python3.6/site-packages/pytest_cov/plugin.py']] [hook]
    finish pytest_sessionstart --> [] [hook]
    pytest_collection [hook]
        session: <Session diffGeometry exitstatus=<ExitCode.OK: 0> testsfailed=0 testscollected=0>
    perform_collect <Session diffGeometry exitstatus=<ExitCode.OK: 0> testsfailed=0 testscollected=0> ['test_nonholonomic.py'] [collection]
        pytest_collectstart [hook]
            collector: <Session diffGeometry exitstatus=<ExitCode.OK: 0> testsfailed=0 testscollected=0>
        finish pytest_collectstart --> [] [hook]
        pytest_make_collect_report [hook]
            collector: <Session diffGeometry exitstatus=<ExitCode.OK: 0> testsfailed=0 testscollected=0>
        processing argument (local('/home/mspahn/phd/research/code/fabrics/tests/unittests/diffGeometry/test_nonholonomic.py'), []) [collection]
            pytest_collect_file [hook]
                path: /home/mspahn/phd/research/code/fabrics/tests/unittests/diffGeometry/test_nonholonomic.py
                parent: <Session diffGeometry exitstatus=<ExitCode.OK: 0> testsfailed=0 testscollected=0>
              pytest_pycollect_makemodule [hook]
                  path: /home/mspahn/phd/research/code/fabrics/tests/unittests/diffGeometry/test_nonholonomic.py
                  parent: <Session diffGeometry exitstatus=<ExitCode.OK: 0> testsfailed=0 testscollected=0>
              finish pytest_pycollect_makemodule --> <Module test_nonholonomic.py> [hook]
            finish pytest_collect_file --> [<Module test_nonholonomic.py>] [hook]
          matchnodes [<Module test_nonholonomic.py>] [] [collection]
            matchnodes finished ->  1 nodes [collection]
        finish pytest_make_collect_report --> <CollectReport '' lenresult=1 outcome='passed'> [hook]
        pytest_collectreport [hook]
            report: <CollectReport '' lenresult=1 outcome='passed'>
        finish pytest_collectreport --> [] [hook]
    genitems <Module test_nonholonomic.py> [collection]
      pytest_collectstart [hook]
          collector: <Module test_nonholonomic.py>
      finish pytest_collectstart --> [] [hook]
      pytest_make_collect_report [hook]
          collector: <Module test_nonholonomic.py>
      find_module called for: test_nonholonomic [assertion]
      matched test file (was specified on cmdline): '/home/mspahn/phd/research/code/fabrics/tests/unittests/diffGeometry/test_nonholonomic.py' [assertion]
      found cached rewritten pyc for /home/mspahn/phd/research/code/fabrics/tests/unittests/diffGeometry/test_nonholonomic.py [assertion]
      early skip of rewriting module: casadi [assertion]
      early skip of rewriting module: numpy [assertion]
      early skip of rewriting module: numpy._globals [assertion]
      early skip of rewriting module: numpy.__config__ [assertion]
      early skip of rewriting module: numpy.version [assertion]
      early skip of rewriting module: numpy._distributor_init [assertion]
      early skip of rewriting module: numpy.core [assertion]
      early skip of rewriting module: numpy.core.multiarray [assertion]
      early skip of rewriting module: numpy.core.overrides [assertion]
      early skip of rewriting module: numpy.core._multiarray_umath [assertion]
      early skip of rewriting module: numpy.compat [assertion]
      early skip of rewriting module: numpy.compat._inspect [assertion]
      early skip of rewriting module: numpy.compat.py3k [assertion]
      early skip of rewriting module: pickle5 [assertion]
      early skip of rewriting module: numpy.core.umath [assertion]
      early skip of rewriting module: numpy.core.numerictypes [assertion]
      early skip of rewriting module: numpy.core._string_helpers [assertion]
      early skip of rewriting module: numpy.core._type_aliases [assertion]
      early skip of rewriting module: numpy.core._dtype [assertion]
      early skip of rewriting module: numpy.core.numeric [assertion]
      early skip of rewriting module: numpy.core.shape_base [assertion]
      early skip of rewriting module: numpy.core._asarray [assertion]
      early skip of rewriting module: numpy.core.fromnumeric [assertion]
      early skip of rewriting module: numpy.core._methods [assertion]
      early skip of rewriting module: numpy.core._exceptions [assertion]
      early skip of rewriting module: numpy.core._ufunc_config [assertion]
      early skip of rewriting module: numpy.core.arrayprint [assertion]
      early skip of rewriting module: numpy.core.defchararray [assertion]
      early skip of rewriting module: numpy.core.records [assertion]
      early skip of rewriting module: numpy.core.memmap [assertion]
      early skip of rewriting module: numpy.core.function_base [assertion]
      early skip of rewriting module: numpy.core.machar [assertion]
      early skip of rewriting module: numpy.core.getlimits [assertion]
      early skip of rewriting module: numpy.core.einsumfunc [assertion]
      early skip of rewriting module: numpy.core._add_newdocs [assertion]
      early skip of rewriting module: numpy.core._multiarray_tests [assertion]
      early skip of rewriting module: numpy.core._dtype_ctypes [assertion]
      early skip of rewriting module: numpy.core._internal [assertion]
      early skip of rewriting module: numpy._pytesttester [assertion]
      early skip of rewriting module: numpy.lib [assertion]
      early skip of rewriting module: numpy.lib.mixins [assertion]
      early skip of rewriting module: numpy.lib.scimath [assertion]
      early skip of rewriting module: numpy.lib.type_check [assertion]
      early skip of rewriting module: numpy.lib.ufunclike [assertion]
      early skip of rewriting module: numpy.lib.index_tricks [assertion]
      early skip of rewriting module: numpy.matrixlib [assertion]
      early skip of rewriting module: numpy.matrixlib.defmatrix [assertion]
      early skip of rewriting module: numpy.linalg [assertion]
      early skip of rewriting module: numpy.linalg.linalg [assertion]
      early skip of rewriting module: numpy.lib.twodim_base [assertion]
      early skip of rewriting module: numpy.linalg.lapack_lite [assertion]
      early skip of rewriting module: numpy.linalg._umath_linalg [assertion]
      early skip of rewriting module: numpy.lib.function_base [assertion]
      early skip of rewriting module: numpy.lib.histograms [assertion]
      early skip of rewriting module: numpy.lib.stride_tricks [assertion]
      early skip of rewriting module: numpy.lib.nanfunctions [assertion]
      early skip of rewriting module: numpy.lib.shape_base [assertion]
      early skip of rewriting module: numpy.lib.polynomial [assertion]
      early skip of rewriting module: numpy.lib.utils [assertion]
      early skip of rewriting module: numpy.lib.arraysetops [assertion]
      early skip of rewriting module: numpy.lib.npyio [assertion]
      early skip of rewriting module: numpy.lib.format [assertion]
      early skip of rewriting module: numpy.lib._datasource [assertion]
      early skip of rewriting module: numpy.lib._iotools [assertion]
      early skip of rewriting module: numpy.lib.financial [assertion]
      early skip of rewriting module: numpy.lib.arrayterator [assertion]
      early skip of rewriting module: numpy.lib.arraypad [assertion]
      early skip of rewriting module: numpy.lib._version [assertion]
      early skip of rewriting module: numpy.fft [assertion]
      early skip of rewriting module: numpy.fft._pocketfft [assertion]
      early skip of rewriting module: numpy.fft._pocketfft_internal [assertion]
      early skip of rewriting module: numpy.fft.helper [assertion]
      early skip of rewriting module: numpy.polynomial [assertion]
      early skip of rewriting module: numpy.polynomial.polynomial [assertion]
      early skip of rewriting module: numpy.polynomial.polyutils [assertion]
      early skip of rewriting module: numpy.polynomial._polybase [assertion]
      early skip of rewriting module: numpy.polynomial.chebyshev [assertion]
      early skip of rewriting module: numpy.polynomial.legendre [assertion]
      early skip of rewriting module: numpy.polynomial.hermite [assertion]
      early skip of rewriting module: numpy.polynomial.hermite_e [assertion]
      early skip of rewriting module: numpy.polynomial.laguerre [assertion]
      early skip of rewriting module: numpy.random [assertion]
      early skip of rewriting module: numpy.random._pickle [assertion]
      early skip of rewriting module: numpy.random.mtrand [assertion]
      early skip of rewriting module: numpy.random.bit_generator [assertion]
      early skip of rewriting module: numpy.random._common [assertion]
      early skip of rewriting module: backports_abc [assertion]
      early skip of rewriting module: secrets [assertion]
      early skip of rewriting module: hmac [assertion]
      early skip of rewriting module: numpy.random._bounded_integers [assertion]
      early skip of rewriting module: numpy.random._mt19937 [assertion]
      early skip of rewriting module: numpy.random._philox [assertion]
      early skip of rewriting module: numpy.random._pcg64 [assertion]
      early skip of rewriting module: numpy.random._sfc64 [assertion]
      early skip of rewriting module: numpy.random._generator [assertion]
      early skip of rewriting module: numpy.ctypeslib [assertion]
      early skip of rewriting module: numpy.ma [assertion]
      early skip of rewriting module: numpy.ma.core [assertion]
      early skip of rewriting module: numpy.ma.extras [assertion]
      early skip of rewriting module: numpy.testing [assertion]
      early skip of rewriting module: numpy.testing._private [assertion]
      early skip of rewriting module: numpy.testing._private.utils [assertion]
      early skip of rewriting module: gc [assertion]
      early skip of rewriting module: numpy.testing._private.decorators [assertion]
      early skip of rewriting module: numpy.testing._private.nosetester [assertion]
      early skip of rewriting module: casadi.casadi [assertion]
      early skip of rewriting module: casadi._casadi [assertion]
      early skip of rewriting module: swig_runtime_data4 [assertion]
      early skip of rewriting module: optFabrics [assertion]
      early skip of rewriting module: optFabrics.planner [assertion]
      early skip of rewriting module: optFabrics.planner.nonHolonomicPlanner [assertion]
      early skip of rewriting module: optFabrics.planner.fabricPlanner [assertion]
      early skip of rewriting module: optFabrics.diffGeometry [assertion]
      early skip of rewriting module: optFabrics.diffGeometry.diffMap [assertion]
      early skip of rewriting module: optFabrics.diffGeometry.variables [assertion]
      early skip of rewriting module: optFabrics.diffGeometry.energy [assertion]
      early skip of rewriting module: optFabrics.diffGeometry.spec [assertion]
      early skip of rewriting module: optFabrics.helper_functions [assertion]
      early skip of rewriting module: optFabrics.exceptions [assertion]
      early skip of rewriting module: optFabrics.exceptions.spec_exception [assertion]
      early skip of rewriting module: optFabrics.diffGeometry.referenceTrajectory [assertion]
      early skip of rewriting module: optFabrics.diffGeometry.geometry [assertion]
      early skip of rewriting module: optFabrics.diffGeometry.energized_geometry [assertion]
      early skip of rewriting module: optFabrics.diffGeometry.casadi_helpers [assertion]
      early skip of rewriting module: optFabrics.diffGeometry.speedControl [assertion]
        pytest_pycollect_makeitem [hook]
            collector: <Module test_nonholonomic.py>
            name: __name__
            obj: test_nonholonomic
        finish pytest_pycollect_makeitem --> None [hook]
        pytest_pycollect_makeitem [hook]
            collector: <Module test_nonholonomic.py>
            name: __doc__
            obj: None
        finish pytest_pycollect_makeitem --> None [hook]
        pytest_pycollect_makeitem [hook]
            collector: <Module test_nonholonomic.py>
            name: __package__
            obj: 
        finish pytest_pycollect_makeitem --> None [hook]
        pytest_pycollect_makeitem [hook]
            collector: <Module test_nonholonomic.py>
            name: __loader__
            obj: <_pytest.assertion.rewrite.AssertionRewritingHook object at 0x7f3e482257b8>
        finish pytest_pycollect_makeitem --> None [hook]
        pytest_pycollect_makeitem [hook]
            collector: <Module test_nonholonomic.py>
            name: __spec__
            obj: ModuleSpec(name='test_nonholonomic', loader=<_pytest.assertion.rewrite.AssertionRewritingHook object at 0x7f3e482257b8>, origin='/home/mspahn/phd/research/code/fabrics/tests/unittests/diffGeometry/test_nonholonomic.py')
        finish pytest_pycollect_makeitem --> None [hook]
        pytest_pycollect_makeitem [hook]
            collector: <Module test_nonholonomic.py>
            name: __file__
            obj: /home/mspahn/phd/research/code/fabrics/tests/unittests/diffGeometry/test_nonholonomic.py
        finish pytest_pycollect_makeitem --> None [hook]
        pytest_pycollect_makeitem [hook]
            collector: <Module test_nonholonomic.py>
            name: __cached__
            obj: /home/mspahn/phd/research/code/fabrics/tests/unittests/diffGeometry/__pycache__/test_nonholonomic.cpython-36.pyc
        finish pytest_pycollect_makeitem --> None [hook]
        pytest_pycollect_makeitem [hook]
            collector: <Module test_nonholonomic.py>
            name: __builtins__
            obj: {'__name__': 'builtins', '__doc__': "Built-in functions, exceptions, and other objects.\n\nNoteworthy: None is the `nil' object; Ellipsis represents `...' in slices.", '__package__': '', '__loader__': <class '_frozen_importlib.BuiltinImporter'>, '__spec__': ModuleSpec(name='builtins', loader=<class '_frozen_importlib.BuiltinImporter'>), '__build_class__': <built-in function __build_class__>, '__import__': <built-in function __import__>, 'abs': <built-in function abs>, 'all': <built-in function all>, 'any': <built-in function any>, 'ascii': <built-in function ascii>, 'bin': <built-in function bin>, 'callable': <built-in function callable>, 'chr': <built-in function chr>, 'compile': <built-in function compile>, 'delattr': <built-in function delattr>, 'dir': <built-in function dir>, 'divmod': <built-in function divmod>, 'eval': <built-in function eval>, 'exec': <built-in function exec>, 'format': <built-in function format>, 'getattr': <built-in function getattr>, 'globals': <built-in function globals>, 'hasattr': <built-in function hasattr>, 'hash': <built-in function hash>, 'hex': <built-in function hex>, 'id': <built-in function id>, 'input': <built-in function input>, 'isinstance': <built-in function isinstance>, 'issubclass': <built-in function issubclass>, 'iter': <built-in function iter>, 'len': <built-in function len>, 'locals': <built-in function locals>, 'max': <built-in function max>, 'min': <built-in function min>, 'next': <built-in function next>, 'oct': <built-in function oct>, 'ord': <built-in function ord>, 'pow': <built-in function pow>, 'print': <built-in function print>, 'repr': <built-in function repr>, 'round': <built-in function round>, 'setattr': <built-in function setattr>, 'sorted': <built-in function sorted>, 'sum': <built-in function sum>, 'vars': <built-in function vars>, 'None': None, 'Ellipsis': Ellipsis, 'NotImplemented': NotImplemented, 'False': False, 'True': True, 'bool': <class 'bool'>, 'memoryview': <class 'memoryview'>, 'bytearray': <class 'bytearray'>, 'bytes': <class 'bytes'>, 'classmethod': <class 'classmethod'>, 'complex': <class 'complex'>, 'dict': <class 'dict'>, 'enumerate': <class 'enumerate'>, 'filter': <class 'filter'>, 'float': <class 'float'>, 'frozenset': <class 'frozenset'>, 'property': <class 'property'>, 'int': <class 'int'>, 'list': <class 'list'>, 'map': <class 'map'>, 'object': <class 'object'>, 'range': <class 'range'>, 'reversed': <class 'reversed'>, 'set': <class 'set'>, 'slice': <class 'slice'>, 'staticmethod': <class 'staticmethod'>, 'str': <class 'str'>, 'super': <class 'super'>, 'tuple': <class 'tuple'>, 'type': <class 'type'>, 'zip': <class 'zip'>, '__debug__': True, 'BaseException': <class 'BaseException'>, 'Exception': <class 'Exception'>, 'TypeError': <class 'TypeError'>, 'StopAsyncIteration': <class 'StopAsyncIteration'>, 'StopIteration': <class 'StopIteration'>, 'GeneratorExit': <class 'GeneratorExit'>, 'SystemExit': <class 'SystemExit'>, 'KeyboardInterrupt': <class 'KeyboardInterrupt'>, 'ImportError': <class 'ImportError'>, 'ModuleNotFoundError': <class 'ModuleNotFoundError'>, 'OSError': <class 'OSError'>, 'EnvironmentError': <class 'OSError'>, 'IOError': <class 'OSError'>, 'EOFError': <class 'EOFError'>, 'RuntimeError': <class 'RuntimeError'>, 'RecursionError': <class 'RecursionError'>, 'NotImplementedError': <class 'NotImplementedError'>, 'NameError': <class 'NameError'>, 'UnboundLocalError': <class 'UnboundLocalError'>, 'AttributeError': <class 'AttributeError'>, 'SyntaxError': <class 'SyntaxError'>, 'IndentationError': <class 'IndentationError'>, 'TabError': <class 'TabError'>, 'LookupError': <class 'LookupError'>, 'IndexError': <class 'IndexError'>, 'KeyError': <class 'KeyError'>, 'ValueError': <class 'ValueError'>, 'UnicodeError': <class 'UnicodeError'>, 'UnicodeEncodeError': <class 'UnicodeEncodeError'>, 'UnicodeDecodeError': <class 'UnicodeDecodeError'>, 'UnicodeTranslateError': <class 'UnicodeTranslateError'>, 'AssertionError': <class 'AssertionError'>, 'ArithmeticError': <class 'ArithmeticError'>, 'FloatingPointError': <class 'FloatingPointError'>, 'OverflowError': <class 'OverflowError'>, 'ZeroDivisionError': <class 'ZeroDivisionError'>, 'SystemError': <class 'SystemError'>, 'ReferenceError': <class 'ReferenceError'>, 'BufferError': <class 'BufferError'>, 'MemoryError': <class 'MemoryError'>, 'Warning': <class 'Warning'>, 'UserWarning': <class 'UserWarning'>, 'DeprecationWarning': <class 'DeprecationWarning'>, 'PendingDeprecationWarning': <class 'PendingDeprecationWarning'>, 'SyntaxWarning': <class 'SyntaxWarning'>, 'RuntimeWarning': <class 'RuntimeWarning'>, 'FutureWarning': <class 'FutureWarning'>, 'ImportWarning': <class 'ImportWarning'>, 'UnicodeWarning': <class 'UnicodeWarning'>, 'BytesWarning': <class 'BytesWarning'>, 'ResourceWarning': <class 'ResourceWarning'>, 'ConnectionError': <class 'ConnectionError'>, 'BlockingIOError': <class 'BlockingIOError'>, 'BrokenPipeError': <class 'BrokenPipeError'>, 'ChildProcessError': <class 'ChildProcessError'>, 'ConnectionAbortedError': <class 'ConnectionAbortedError'>, 'ConnectionRefusedError': <class 'ConnectionRefusedError'>, 'ConnectionResetError': <class 'ConnectionResetError'>, 'FileExistsError': <class 'FileExistsError'>, 'FileNotFoundError': <class 'FileNotFoundError'>, 'IsADirectoryError': <class 'IsADirectoryError'>, 'NotADirectoryError': <class 'NotADirectoryError'>, 'InterruptedError': <class 'InterruptedError'>, 'PermissionError': <class 'PermissionError'>, 'ProcessLookupError': <class 'ProcessLookupError'>, 'TimeoutError': <class 'TimeoutError'>, 'open': <built-in function open>, 'quit': Use quit() or Ctrl-D (i.e. EOF) to exit, 'exit': Use exit() or Ctrl-D (i.e. EOF) to exit, 'copyright': Copyright (c) 2001-2019 Python Software Foundation.
All Rights Reserved.

Copyright (c) 2000 BeOpen.com.
All Rights Reserved.

Copyright (c) 1995-2001 Corporation for National Research Initiatives.
All Rights Reserved.

Copyright (c) 1991-1995 Stichting Mathematisch Centrum, Amsterdam.
All Rights Reserved., 'credits':     Thanks to CWI, CNRI, BeOpen.com, Zope Corporation and a cast of thousands
    for supporting Python development.  See www.python.org for more information., 'license': Type license() to see the full license text, 'help': Type help() for interactive help, or help(object) for help about object.}
        finish pytest_pycollect_makeitem --> None [hook]
        pytest_pycollect_makeitem [hook]
            collector: <Module test_nonholonomic.py>
            name: @py_builtins
            obj: <module 'builtins' (built-in)>
        finish pytest_pycollect_makeitem --> None [hook]
        pytest_pycollect_makeitem [hook]
            collector: <Module test_nonholonomic.py>
            name: @pytest_ar
            obj: <module '_pytest.assertion.rewrite' from '/home/mspahn/.local/lib/python3.6/site-packages/_pytest/assertion/rewrite.py'>
        finish pytest_pycollect_makeitem --> None [hook]
        pytest_pycollect_makeitem [hook]
            collector: <Module test_nonholonomic.py>
            name: pytest
            obj: <module 'pytest' from '/home/mspahn/.local/lib/python3.6/site-packages/pytest/__init__.py'>
        finish pytest_pycollect_makeitem --> None [hook]
        pytest_pycollect_makeitem [hook]
            collector: <Module test_nonholonomic.py>
            name: ca
            obj: <module 'casadi' from '/home/mspahn/.local/lib/python3.6/site-packages/casadi/__init__.py'>
        finish pytest_pycollect_makeitem --> None [hook]
        pytest_pycollect_makeitem [hook]
            collector: <Module test_nonholonomic.py>
            name: np
            obj: <module 'numpy' from '/home/mspahn/.local/lib/python3.6/site-packages/numpy/__init__.py'>
        finish pytest_pycollect_makeitem --> None [hook]
        pytest_pycollect_makeitem [hook]
            collector: <Module test_nonholonomic.py>
            name: NonHolonomicPlanner
            obj: <class 'optFabrics.planner.nonHolonomicPlanner.NonHolonomicPlanner'>
        finish pytest_pycollect_makeitem --> None [hook]
        pytest_pycollect_makeitem [hook]
            collector: <Module test_nonholonomic.py>
            name: DifferentialMap
            obj: <class 'optFabrics.diffGeometry.diffMap.DifferentialMap'>
        finish pytest_pycollect_makeitem --> None [hook]
        pytest_pycollect_makeitem [hook]
            collector: <Module test_nonholonomic.py>
            name: FinslerStructure
            obj: <class 'optFabrics.diffGeometry.energy.FinslerStructure'>
        finish pytest_pycollect_makeitem --> None [hook]
        pytest_pycollect_makeitem [hook]
            collector: <Module test_nonholonomic.py>
            name: Lagrangian
            obj: <class 'optFabrics.diffGeometry.energy.Lagrangian'>
        finish pytest_pycollect_makeitem --> None [hook]
        pytest_pycollect_makeitem [hook]
            collector: <Module test_nonholonomic.py>
            name: Geometry
            obj: <class 'optFabrics.diffGeometry.geometry.Geometry'>
        finish pytest_pycollect_makeitem --> None [hook]
        pytest_pycollect_makeitem [hook]
            collector: <Module test_nonholonomic.py>
            name: nonHolonomic_planner
            obj: <function nonHolonomic_planner at 0x7f3de4ab72f0>
        finish pytest_pycollect_makeitem --> None [hook]
        pytest_pycollect_makeitem [hook]
            collector: <Module test_nonholonomic.py>
            name: nonHolonomic_col
            obj: <function nonHolonomic_col at 0x7f3de4c94510>
        finish pytest_pycollect_makeitem --> None [hook]
        pytest_pycollect_makeitem [hook]
            collector: <Module test_nonholonomic.py>
            name: test_nh_planner_zero
            obj: <function test_nh_planner_zero at 0x7f3de4c94598>
          pytest_generate_tests [hook]
              metafunc: <_pytest.python.Metafunc object at 0x7f3de4c2fa20>
          finish pytest_generate_tests --> [] [hook]
        finish pytest_pycollect_makeitem --> [<Function test_nh_planner_zero>] [hook]
        pytest_pycollect_makeitem [hook]
            collector: <Module test_nonholonomic.py>
            name: test_nh_planner_col
            obj: <function test_nh_planner_col at 0x7f3de4c94620>
          pytest_generate_tests [hook]
              metafunc: <_pytest.python.Metafunc object at 0x7f3de4c2fa20>
          finish pytest_generate_tests --> [] [hook]
        finish pytest_pycollect_makeitem --> [<Function test_nh_planner_col>] [hook]
        pytest_pycollect_makeitem [hook]
            collector: <Module test_nonholonomic.py>
            name: __repr__
            obj: <slot wrapper '__repr__' of 'module' objects>
        finish pytest_pycollect_makeitem --> None [hook]
        pytest_pycollect_makeitem [hook]
            collector: <Module test_nonholonomic.py>
            name: __getattribute__
            obj: <slot wrapper '__getattribute__' of 'module' objects>
        finish pytest_pycollect_makeitem --> None [hook]
        pytest_pycollect_makeitem [hook]
            collector: <Module test_nonholonomic.py>
            name: __setattr__
            obj: <slot wrapper '__setattr__' of 'module' objects>
        finish pytest_pycollect_makeitem --> None [hook]
        pytest_pycollect_makeitem [hook]
            collector: <Module test_nonholonomic.py>
            name: __delattr__
            obj: <slot wrapper '__delattr__' of 'module' objects>
        finish pytest_pycollect_makeitem --> None [hook]
        pytest_pycollect_makeitem [hook]
            collector: <Module test_nonholonomic.py>
            name: __init__
            obj: <slot wrapper '__init__' of 'module' objects>
        finish pytest_pycollect_makeitem --> None [hook]
        pytest_pycollect_makeitem [hook]
            collector: <Module test_nonholonomic.py>
            name: __new__
            obj: <built-in method __new__ of type object at 0x9c4920>
        finish pytest_pycollect_makeitem --> None [hook]
        pytest_pycollect_makeitem [hook]
            collector: <Module test_nonholonomic.py>
            name: __dir__
            obj: <method '__dir__' of 'module' objects>
        finish pytest_pycollect_makeitem --> None [hook]
        pytest_pycollect_makeitem [hook]
            collector: <Module test_nonholonomic.py>
            name: __dict__
            obj: <member '__dict__' of 'module' objects>
        finish pytest_pycollect_makeitem --> None [hook]
        pytest_pycollect_makeitem [hook]
            collector: <Module test_nonholonomic.py>
            name: __hash__
            obj: <slot wrapper '__hash__' of 'object' objects>
        finish pytest_pycollect_makeitem --> None [hook]
        pytest_pycollect_makeitem [hook]
            collector: <Module test_nonholonomic.py>
            name: __str__
            obj: <slot wrapper '__str__' of 'object' objects>
        finish pytest_pycollect_makeitem --> None [hook]
        pytest_pycollect_makeitem [hook]
            collector: <Module test_nonholonomic.py>
            name: __lt__
            obj: <slot wrapper '__lt__' of 'object' objects>
        finish pytest_pycollect_makeitem --> None [hook]
        pytest_pycollect_makeitem [hook]
            collector: <Module test_nonholonomic.py>
            name: __le__
            obj: <slot wrapper '__le__' of 'object' objects>
        finish pytest_pycollect_makeitem --> None [hook]
        pytest_pycollect_makeitem [hook]
            collector: <Module test_nonholonomic.py>
            name: __eq__
            obj: <slot wrapper '__eq__' of 'object' objects>
        finish pytest_pycollect_makeitem --> None [hook]
        pytest_pycollect_makeitem [hook]
            collector: <Module test_nonholonomic.py>
            name: __ne__
            obj: <slot wrapper '__ne__' of 'object' objects>
        finish pytest_pycollect_makeitem --> None [hook]
        pytest_pycollect_makeitem [hook]
            collector: <Module test_nonholonomic.py>
            name: __gt__
            obj: <slot wrapper '__gt__' of 'object' objects>
        finish pytest_pycollect_makeitem --> None [hook]
        pytest_pycollect_makeitem [hook]
            collector: <Module test_nonholonomic.py>
            name: __ge__
            obj: <slot wrapper '__ge__' of 'object' objects>
        finish pytest_pycollect_makeitem --> None [hook]
        pytest_pycollect_makeitem [hook]
            collector: <Module test_nonholonomic.py>
            name: __reduce_ex__
            obj: <method '__reduce_ex__' of 'object' objects>
        finish pytest_pycollect_makeitem --> None [hook]
        pytest_pycollect_makeitem [hook]
            collector: <Module test_nonholonomic.py>
            name: __reduce__
            obj: <method '__reduce__' of 'object' objects>
        finish pytest_pycollect_makeitem --> None [hook]
        pytest_pycollect_makeitem [hook]
            collector: <Module test_nonholonomic.py>
            name: __subclasshook__
            obj: <method '__subclasshook__' of 'object' objects>
        finish pytest_pycollect_makeitem --> None [hook]
        pytest_pycollect_makeitem [hook]
            collector: <Module test_nonholonomic.py>
            name: __init_subclass__
            obj: <method '__init_subclass__' of 'object' objects>
        finish pytest_pycollect_makeitem --> None [hook]
        pytest_pycollect_makeitem [hook]
            collector: <Module test_nonholonomic.py>
            name: __format__
            obj: <method '__format__' of 'object' objects>
        finish pytest_pycollect_makeitem --> None [hook]
        pytest_pycollect_makeitem [hook]
            collector: <Module test_nonholonomic.py>
            name: __sizeof__
            obj: <method '__sizeof__' of 'object' objects>
        finish pytest_pycollect_makeitem --> None [hook]
        pytest_pycollect_makeitem [hook]
            collector: <Module test_nonholonomic.py>
            name: __class__
            obj: <attribute '__class__' of 'object' objects>
        finish pytest_pycollect_makeitem --> None [hook]
      finish pytest_make_collect_report --> <CollectReport 'test_nonholonomic.py' lenresult=2 outcome='passed'> [hook]
    genitems <Function test_nh_planner_zero> [collection]
      pytest_itemcollected [hook]
          item: <Function test_nh_planner_zero>
      finish pytest_itemcollected --> [] [hook]
    genitems <Function test_nh_planner_col> [collection]
      pytest_itemcollected [hook]
          item: <Function test_nh_planner_col>
      finish pytest_itemcollected --> [] [hook]
      pytest_collectreport [hook]
          report: <CollectReport 'test_nonholonomic.py' lenresult=2 outcome='passed'>
      finish pytest_collectreport --> [] [hook]
      pytest_collection_modifyitems [hook]
          session: <Session diffGeometry exitstatus=<ExitCode.OK: 0> testsfailed=0 testscollected=0>
          config: <_pytest.config.Config object at 0x7f3e48837240>
          items: [<Function test_nh_planner_zero>, <Function test_nh_planner_col>]
      finish pytest_collection_modifyitems --> [] [hook]
      pytest_collection_finish [hook]
          session: <Session diffGeometry exitstatus=<ExitCode.OK: 0> testsfailed=0 testscollected=0>
        pytest_report_collectionfinish [hook]
            config: <_pytest.config.Config object at 0x7f3e48837240>
            startdir: /home/mspahn/phd/research/code/fabrics/tests/unittests/diffGeometry
            items: [<Function test_nh_planner_zero>, <Function test_nh_planner_col>]
        finish pytest_report_collectionfinish --> [] [hook]
      finish pytest_collection_finish --> [] [hook]
    finish pytest_collection --> [<Function test_nh_planner_zero>, <Function test_nh_planner_col>] [hook]
    pytest_runtestloop [hook]
        session: <Session diffGeometry exitstatus=<ExitCode.OK: 0> testsfailed=0 testscollected=2>
      pytest_runtest_protocol [hook]
          item: <Function test_nh_planner_zero>
          nextitem: <Function test_nh_planner_col>
        pytest_runtest_logstart [hook]
            nodeid: test_nonholonomic.py::test_nh_planner_zero
            location: ('test_nonholonomic.py', 66, 'test_nh_planner_zero')
        finish pytest_runtest_logstart --> [] [hook]
        pytest_runtest_setup [hook]
            item: <Function test_nh_planner_zero>
        pytest_runtest_makereport [hook]
            item: <Function test_nh_planner_zero>
            call: <CallInfo when='setup' excinfo=<ExceptionInfo Nonholonomic base currently not maintained tblen=14>>
        finish pytest_runtest_makereport --> <TestReport 'test_nonholonomic.py::test_nh_planner_zero' when='setup' outcome='skipped'> [hook]
        pytest_runtest_logreport [hook]
            report: <TestReport 'test_nonholonomic.py::test_nh_planner_zero' when='setup' outcome='skipped'>
          pytest_report_teststatus [hook]
              report: <TestReport 'test_nonholonomic.py::test_nh_planner_zero' when='setup' outcome='skipped'>
              config: <_pytest.config.Config object at 0x7f3e48837240>
          finish pytest_report_teststatus --> ('skipped', 's', 'SKIPPED') [hook]
        finish pytest_runtest_logreport --> [] [hook]
        pytest_runtest_teardown [hook]
            item: <Function test_nh_planner_zero>
            nextitem: <Function test_nh_planner_col>
        finish pytest_runtest_teardown --> [] [hook]
        pytest_runtest_makereport [hook]
            item: <Function test_nh_planner_zero>
            call: <CallInfo when='teardown' result: []>
        finish pytest_runtest_makereport --> <TestReport 'test_nonholonomic.py::test_nh_planner_zero' when='teardown' outcome='passed'> [hook]
        pytest_runtest_logreport [hook]
            report: <TestReport 'test_nonholonomic.py::test_nh_planner_zero' when='teardown' outcome='passed'>
          pytest_report_teststatus [hook]
              report: <TestReport 'test_nonholonomic.py::test_nh_planner_zero' when='teardown' outcome='passed'>
              config: <_pytest.config.Config object at 0x7f3e48837240>
          finish pytest_report_teststatus --> ('', '', '') [hook]
        finish pytest_runtest_logreport --> [] [hook]
        pytest_runtest_logfinish [hook]
            nodeid: test_nonholonomic.py::test_nh_planner_zero
            location: ('test_nonholonomic.py', 66, 'test_nh_planner_zero')
        finish pytest_runtest_logfinish --> [] [hook]
      finish pytest_runtest_protocol --> True [hook]
      pytest_runtest_protocol [hook]
          item: <Function test_nh_planner_col>
          nextitem: None
        pytest_runtest_logstart [hook]
            nodeid: test_nonholonomic.py::test_nh_planner_col
            location: ('test_nonholonomic.py', 79, 'test_nh_planner_col')
        finish pytest_runtest_logstart --> [] [hook]
        pytest_runtest_setup [hook]
            item: <Function test_nh_planner_col>
        pytest_runtest_makereport [hook]
            item: <Function test_nh_planner_col>
            call: <CallInfo when='setup' excinfo=<ExceptionInfo Nonholonomic base currently not maintained tblen=14>>
        finish pytest_runtest_makereport --> <TestReport 'test_nonholonomic.py::test_nh_planner_col' when='setup' outcome='skipped'> [hook]
        pytest_runtest_logreport [hook]
            report: <TestReport 'test_nonholonomic.py::test_nh_planner_col' when='setup' outcome='skipped'>
          pytest_report_teststatus [hook]
              report: <TestReport 'test_nonholonomic.py::test_nh_planner_col' when='setup' outcome='skipped'>
              config: <_pytest.config.Config object at 0x7f3e48837240>
          finish pytest_report_teststatus --> ('skipped', 's', 'SKIPPED') [hook]
        finish pytest_runtest_logreport --> [] [hook]
        pytest_runtest_teardown [hook]
            item: <Function test_nh_planner_col>
            nextitem: None
        finish pytest_runtest_teardown --> [] [hook]
        pytest_runtest_makereport [hook]
            item: <Function test_nh_planner_col>
            call: <CallInfo when='teardown' result: []>
        finish pytest_runtest_makereport --> <TestReport 'test_nonholonomic.py::test_nh_planner_col' when='teardown' outcome='passed'> [hook]
        pytest_runtest_logreport [hook]
            report: <TestReport 'test_nonholonomic.py::test_nh_planner_col' when='teardown' outcome='passed'>
          pytest_report_teststatus [hook]
              report: <TestReport 'test_nonholonomic.py::test_nh_planner_col' when='teardown' outcome='passed'>
              config: <_pytest.config.Config object at 0x7f3e48837240>
          finish pytest_report_teststatus --> ('', '', '') [hook]
        finish pytest_runtest_logreport --> [] [hook]
        pytest_runtest_logfinish [hook]
            nodeid: test_nonholonomic.py::test_nh_planner_col
            location: ('test_nonholonomic.py', 79, 'test_nh_planner_col')
        finish pytest_runtest_logfinish --> [] [hook]
      finish pytest_runtest_protocol --> True [hook]
    finish pytest_runtestloop --> True [hook]
    pytest_sessionfinish [hook]
        session: <Session diffGeometry exitstatus=0 testsfailed=0 testscollected=2>
        exitstatus: 0
      pytest_terminal_summary [hook]
          terminalreporter: <_pytest.terminal.TerminalReporter object at 0x7f3e47692da0>
          exitstatus: 0
          config: <_pytest.config.Config object at 0x7f3e48837240>
      finish pytest_terminal_summary --> [] [hook]
    finish pytest_sessionfinish --> [] [hook]
    pytest_unconfigure [hook]
        config: <_pytest.config.Config object at 0x7f3e48837240>
    finish pytest_unconfigure --> [] [hook]
